<?xml version="1.0" encoding="UTF-8"?>
<testsuite name="dijkstra.ConcurrentStressTest" time="85.031" tests="4" errors="0" skipped="0" failures="0">
  <properties>
[...]
</properties>
  <testcase name="test on big graphs" classname="dijkstra.ConcurrentStressTest" time="83.412"/>
  <testcase name="test on small graphs" classname="dijkstra.ConcurrentStressTest" time="0.913"/>
  <testcase name="test on trees" classname="dijkstra.ConcurrentStressTest" time="0.43"/>
  <testcase name="test on very small graphs" classname="dijkstra.ConcurrentStressTest" time="0.276"/>
</testsuite>